node : [31mfailed to l
oad config from C:\User
s\sungu\Desktop\AI-libr
ary\vite.config.ts[39m
위치 줄:1 문자:53
+ ...  $env:Path; node 
node_modules\vite\bin\v
ite.js --port 5173 2>&1
 | Out ...
+                 ~~~~~
~~~~~~~~~~~~~~~~~~~~~~~
~~~~~~~~~~~~~~~~~~~~~~~
    + CategoryInfo     
         : NotSpecifi  
  ed: ([31mfailed t   
 o ....config.ts[3    
9m:String) [], Rem    o
teException
    + FullyQualifiedEr 
   rorId : NativeComm  
  andError
 
[31merror when startin
g dev server:
Error [ERR_MODULE_NOT_F
OUND]: Cannot find pack
age '@tailwindcss/vite'
 imported from C:\Users
\sungu\Desktop\AI-libra
ry\vite.config.ts.times
tamp-1771653222705-5bd6
97b604e18.mjs
    at Object.getPackag
eJSONURL (node:internal
/modules/package_json_r
eader:301:9)
    at packageResolve (
node:internal/modules/e
sm/resolve:769:81)
    at moduleResolve (n
ode:internal/modules/es
m/resolve:860:18)
    at defaultResolve (
node:internal/modules/e
sm/resolve:992:11)
    at #cachedDefaultRe
solve (node:internal/mo
dules/esm/loader:719:20
)
    at #resolveAndMaybe
BlockOnLoaderThread (no
de:internal/modules/esm
/loader:736:38)
    at ModuleLoader.res
olveSync (node:internal
/modules/esm/loader:765
:52)
    at #resolve (node:i
nternal/modules/esm/loa
der:701:17)
    at ModuleLoader.get
OrCreateModuleJob (node
:internal/modules/esm/l
oader:621:35)
    at ModuleJob.syncLi
nk (node:internal/modul
es/esm/module_job:160:3
3)[39m
